# JRE version: Java(TM) SE Runtime Environment (19.0.2+7) (build 19.0.2+7-44)
# Java VM: Java HotSpot(TM) 64-Bit Server VM (19.0.2+7-44, mixed mode, emulated-client, sharing, tiered, compressed oops, compressed class ptrs, g1 gc, windows-amd64)
GC Precious Log:
 CardTable entry size: 512
 Card Set container configuration: InlinePtr #cards 5 size 8 Array Of Cards #cards 12 size 40 Howl #buckets 4 coarsen threshold 1843 Howl Bitmap #cards 512 size 80 coarsen threshold 460 Card regions per heap region 1 cards per card region 2048
 CPUs: 8 total, 8 available
 Memory: 7918M
 Large Page Support: Disabled
 NUMA Support: Disabled
 Compressed Oops: Enabled (32-bit)
 Heap Region Size: 1M
 Heap Min Capacity: 8M
 Heap Initial Capacity: 124M
 Heap Max Capacity: 1980M
 Pre-touch: Disabled
 Parallel Workers: 8
 Concurrent Workers: 2
 Concurrent Refinement Workers: 8
 Periodic GC: Disabled
Heap:
 garbage-first heap   total 159744K, used 114258K [0x0000000084400000, 0x0000000100000000)
  region size 1024K, 61 young (62464K), 1 survivors (1024K)
 Metaspace       used 74678K, committed 75392K, reserved 1114112K
  class space    used 10325K, committed 10688K, reserved 1048576K
GC Heap History (20 events):
Event: 5688.792 GC heap after
{Heap after GC invocations=199 (full 1):
 garbage-first heap   total 133120K, used 43964K [0x0000000084400000, 0x0000000100000000)
  region size 1024K, 6 young (6144K), 6 survivors (6144K)
 Metaspace       used 73895K, committed 74496K, reserved 1114112K
  class space    used 10226K, committed 10560K, reserved 1048576K
}
Event: 5694.001 GC heap before
{Heap before GC invocations=200 (full 1):
 garbage-first heap   total 133120K, used 109500K [0x0000000084400000, 0x0000000100000000)
  region size 1024K, 69 young (70656K), 6 survivors (6144K)
 Metaspace       used 74287K, committed 74944K, reserved 1114112K
  class space    used 10295K, committed 10624K, reserved 1048576K
}
Event: 5694.128 GC heap after
{Heap after GC invocations=201 (full 1):
 garbage-first heap   total 133120K, used 48793K [0x0000000084400000, 0x0000000100000000)
  region size 1024K, 7 young (7168K), 7 survivors (7168K)
 Metaspace       used 74287K, committed 74944K, reserved 1114112K
  class space    used 10295K, committed 10624K, reserved 1048576K
}
Event: 5694.148 GC heap before
{Heap before GC invocations=201 (full 1):
 garbage-first heap   total 133120K, used 49817K [0x0000000084400000, 0x0000000100000000)
  region size 1024K, 8 young (8192K), 7 survivors (7168K)
 Metaspace       used 74287K, committed 74944K, reserved 1114112K
  class space    used 10295K, committed 10624K, reserved 1048576K
}
Event: 5694.357 GC heap after
{Heap after GC invocations=202 (full 1):
 garbage-first heap   total 133120K, used 49264K [0x0000000084400000, 0x0000000100000000)
  region size 1024K, 1 young (1024K), 1 survivors (1024K)
 Metaspace       used 74287K, committed 74944K, reserved 1114112K
  class space    used 10295K, committed 10624K, reserved 1048576K
}
Event: 5710.399 GC heap before
{Heap before GC invocations=202 (full 1):
 garbage-first heap   total 133120K, used 100464K [0x0000000084400000, 0x0000000100000000)
  region size 1024K, 53 young (54272K), 1 survivors (1024K)
 Metaspace       used 74296K, committed 74944K, reserved 1114112K
  class space    used 10297K, committed 10624K, reserved 1048576K
}
Event: 5710.492 GC heap after
{Heap after GC invocations=203 (full 2):
 garbage-first heap   total 133120K, used 43876K [0x0000000084400000, 0x0000000100000000)
  region size 1024K, 0 young (0K), 0 survivors (0K)
 Metaspace       used 74293K, committed 74944K, reserved 1114112K
  class space    used 10297K, committed 10624K, reserved 1048576K
}
Event: 5714.763 GC heap before
{Heap before GC invocations=203 (full 2):
 garbage-first heap   total 133120K, used 106340K [0x0000000084400000, 0x0000000100000000)
  region size 1024K, 61 young (62464K), 0 survivors (0K)
 Metaspace       used 74359K, committed 75136K, reserved 1114112K
  class space    used 10305K, committed 10688K, reserved 1048576K
}
Event: 5714.768 GC heap after
{Heap after GC invocations=204 (full 2):
 garbage-first heap   total 133120K, used 49508K [0x0000000084400000, 0x0000000100000000)
  region size 1024K, 6 young (6144K), 6 survivors (6144K)
 Metaspace       used 74359K, committed 75136K, reserved 1114112K
  class space    used 10305K, committed 10688K, reserved 1048576K
}
Event: 5719.152 GC heap before
{Heap before GC invocations=205 (full 2):
 garbage-first heap   total 133120K, used 104804K [0x0000000084400000, 0x0000000100000000)
  region size 1024K, 60 young (61440K), 6 survivors (6144K)
 Metaspace       used 74617K, committed 75328K, reserved 1114112K
  class space    used 10323K, committed 10688K, reserved 1048576K
}
Event: 5719.160 GC heap after
{Heap after GC invocations=206 (full 2):
 garbage-first heap   total 133120K, used 52146K [0x0000000084400000, 0x0000000100000000)
  region size 1024K, 4 young (4096K), 4 survivors (4096K)
 Metaspace       used 74617K, committed 75328K, reserved 1114112K
  class space    used 10323K, committed 10688K, reserved 1048576K
}
Event: 5719.201 GC heap before
{Heap before GC invocations=206 (full 2):
 garbage-first heap   total 133120K, used 54194K [0x0000000084400000, 0x0000000100000000)
  region size 1024K, 6 young (6144K), 4 survivors (4096K)
 Metaspace       used 74617K, committed 75328K, reserved 1114112K
  class space    used 10323K, committed 10688K, reserved 1048576K
}
Event: 5719.207 GC heap after
{Heap after GC invocations=207 (full 2):
 garbage-first heap   total 133120K, used 52580K [0x0000000084400000, 0x0000000100000000)
  region size 1024K, 1 young (1024K), 1 survivors (1024K)
 Metaspace       used 74617K, committed 75328K, reserved 1114112K
  class space    used 10323K, committed 10688K, reserved 1048576K
}
Event: 5728.407 GC heap before
{Heap before GC invocations=207 (full 2):
 garbage-first heap   total 133120K, used 104804K [0x0000000084400000, 0x0000000100000000)
  region size 1024K, 52 young (53248K), 1 survivors (1024K)
 Metaspace       used 74688K, committed 75392K, reserved 1114112K
  class space    used 10328K, committed 10688K, reserved 1048576K
}
Event: 5728.411 GC heap after
{Heap after GC invocations=208 (full 2):
 garbage-first heap   total 159744K, used 54386K [0x0000000084400000, 0x0000000100000000)
  region size 1024K, 3 young (3072K), 3 survivors (3072K)
 Metaspace       used 74688K, committed 75392K, reserved 1114112K
  class space    used 10328K, committed 10688K, reserved 1048576K
}
Event: 5755.838 GC heap before
{Heap before GC invocations=209 (full 2):
 garbage-first heap   total 159744K, used 127090K [0x0000000084400000, 0x0000000100000000)
  region size 1024K, 74 young (75776K), 3 survivors (3072K)
 Metaspace       used 74675K, committed 75392K, reserved 1114112K
  class space    used 10325K, committed 10688K, reserved 1048576K
}
Event: 5755.843 GC heap after
{Heap after GC invocations=210 (full 2):
 garbage-first heap   total 159744K, used 54149K [0x0000000084400000, 0x0000000100000000)
  region size 1024K, 3 young (3072K), 3 survivors (3072K)
 Metaspace       used 74675K, committed 75392K, reserved 1114112K
  class space    used 10325K, committed 10688K, reserved 1048576K
}
Event: 5759.164 GC heap before
{Heap before GC invocations=210 (full 2):
 garbage-first heap   total 159744K, used 58245K [0x0000000084400000, 0x0000000100000000)
  region size 1024K, 7 young (7168K), 3 survivors (3072K)
 Metaspace       used 74675K, committed 75392K, reserved 1114112K
  class space    used 10325K, committed 10688K, reserved 1048576K
}
Event: 5759.176 GC heap after
{Heap after GC invocations=211 (full 2):
 garbage-first heap   total 159744K, used 53842K [0x0000000084400000, 0x0000000100000000)
  region size 1024K, 1 young (1024K), 1 survivors (1024K)
 Metaspace       used 74675K, committed 75392K, reserved 1114112K
  class space    used 10325K, committed 10688K, reserved 1048576K
}
Event: 5795.369 GC heap before
{Heap before GC invocations=211 (full 2):
 garbage-first heap   total 159744K, used 114258K [0x0000000084400000, 0x0000000100000000)
  region size 1024K, 61 young (62464K), 1 survivors (1024K)
 Metaspace       used 74678K, committed 75392K, reserved 1114112K
  class space    used 10325K, committed 10688K, reserved 1048576K
}

